<?xml version="1.0" encoding="UTF-8"?>
<!-- Generated by org.testng.reporters.JUnitXMLReporter -->
<testsuite hostname="DESKTOP-DLOMK44" name="Test" tests="1" failures="0" timestamp="29 Sep 2018 18:45:35 GMT" time="0.116" errors="0">
  <testcase name="@BeforeMethod configBM" time="0.0" classname="Image.ScreenShot_Test">
    <failure type="java.lang.NullPointerException">
      <![CDATA[java.lang.NullPointerException
	at com.actitime.genericlib.BaseClass.configBM(BaseClass.java:43)
... Removed 26 stack frames]]>
    </failure>
  </testcase> <!-- @BeforeMethod configBM -->
  <testcase name="@AfterMethod configAC" time="0.0" classname="Image.ScreenShot_Test">
    <skipped/>
  </testcase> <!-- @AfterMethod configAC -->
  <testcase name="@AfterMethod configAM" time="0.0" classname="Image.ScreenShot_Test">
    <skipped/>
  </testcase> <!-- @AfterMethod configAM -->
  <testcase name="gmail_Test" time="0.004" classname="Image.ScreenShot_Test">
    <skipped/>
  </testcase> <!-- gmail_Test -->
</testsuite> <!-- Test -->
