<?xml version="1.0" encoding="UTF-8"?>
<!-- Generated by org.testng.reporters.JUnitXMLReporter -->
<testsuite hostname="DESKTOP-DLOMK44" name="Test1" tests="1" failures="0" timestamp="29 Sep 2018 09:37:25 GMT" time="0.121" errors="0">
  <testcase name="@BeforeMethod configBM" time="0.0" classname="Image.ScreenShot_Test">
    <failure type="java.lang.NullPointerException">
      <![CDATA[java.lang.NullPointerException
	at com.actitime.genericlib.BaseClass.configBM(BaseClass.java:45)
	at java.util.concurrent.FutureTask.run(Unknown Source)
	at java.util.concurrent.ThreadPoolExecutor.runWorker(Unknown Source)
	at java.util.concurrent.ThreadPoolExecutor$Worker.run(Unknown Source)
	at java.lang.Thread.run(Unknown Source)
... Removed 18 stack frames]]>
    </failure>
  </testcase> <!-- @BeforeMethod configBM -->
  <testcase name="@AfterMethod configAC" time="0.0" classname="Image.ScreenShot_Test">
    <skipped/>
  </testcase> <!-- @AfterMethod configAC -->
  <testcase name="@AfterMethod configAM" time="0.0" classname="Image.ScreenShot_Test">
    <skipped/>
  </testcase> <!-- @AfterMethod configAM -->
  <testcase name="gmail_Test" time="0.014" classname="Image.ScreenShot_Test">
    <skipped/>
  </testcase> <!-- gmail_Test -->
</testsuite> <!-- Test1 -->
